# JRE version: Java(TM) SE Runtime Environment (8.0_72-b15) (build 1.8.0_72-b15)
# Java VM: Java HotSpot(TM) 64-Bit Server VM (25.72-b15 mixed mode linux-amd64 compressed oops)
Heap:
 PSYoungGen      total 99840K, used 56857K [0x000000076cf80000, 0x0000000773e00000, 0x00000007c0000000)
  eden space 89600K, 63% used [0x000000076cf80000,0x00000007706d6670,0x0000000772700000)
  from space 10240K, 1% used [0x0000000773100000,0x0000000773130000,0x0000000773b00000)
  to   space 10240K, 0% used [0x0000000772700000,0x0000000772700000,0x0000000773100000)
 ParOldGen       total 110080K, used 6030K [0x00000006c6e00000, 0x00000006cd980000, 0x000000076cf80000)
  object space 110080K, 5% used [0x00000006c6e00000,0x00000006c73e3920,0x00000006cd980000)
 Metaspace       used 21883K, capacity 22162K, committed 22400K, reserved 1069056K
  class space    used 2522K, capacity 2633K, committed 2688K, reserved 1048576K
GC Heap History (10 events):
Event: 0,941 GC heap before
{Heap before GC invocations=1 (full 0):
 PSYoungGen      total 74752K, used 64512K [0x000000076cf80000, 0x0000000772280000, 0x00000007c0000000)
  eden space 64512K, 100% used [0x000000076cf80000,0x0000000770e80000,0x0000000770e80000)
  from space 10240K, 0% used [0x0000000771880000,0x0000000771880000,0x0000000772280000)
  to   space 10240K, 0% used [0x0000000770e80000,0x0000000770e80000,0x0000000771880000)
 ParOldGen       total 171008K, used 0K [0x00000006c6e00000, 0x00000006d1500000, 0x000000076cf80000)
  object space 171008K, 0% used [0x00000006c6e00000,0x00000006c6e00000,0x00000006d1500000)
 Metaspace       used 18491K, capacity 18714K, committed 18816K, reserved 1067008K
  class space    used 2075K, capacity 2167K, committed 2176K, reserved 1048576K
Event: 0,950 GC heap after
Heap after GC invocations=1 (full 0):
 PSYoungGen      total 74752K, used 10239K [0x000000076cf80000, 0x0000000772280000, 0x00000007c0000000)
  eden space 64512K, 0% used [0x000000076cf80000,0x000000076cf80000,0x0000000770e80000)
  from space 10240K, 99% used [0x0000000770e80000,0x000000077187ffe0,0x0000000771880000)
  to   space 10240K, 0% used [0x0000000771880000,0x0000000771880000,0x0000000772280000)
 ParOldGen       total 171008K, used 191K [0x00000006c6e00000, 0x00000006d1500000, 0x000000076cf80000)
  object space 171008K, 0% used [0x00000006c6e00000,0x00000006c6e2fe80,0x00000006d1500000)
 Metaspace       used 18491K, capacity 18714K, committed 18816K, reserved 1067008K
  class space    used 2075K, capacity 2167K, committed 2176K, reserved 1048576K
}
Event: 2,684 GC heap before
{Heap before GC invocations=2 (full 0):
 PSYoungGen      total 74752K, used 22568K [0x000000076cf80000, 0x0000000772280000, 0x00000007c0000000)
  eden space 64512K, 19% used [0x000000076cf80000,0x000000076db8a168,0x0000000770e80000)
  from space 10240K, 99% used [0x0000000770e80000,0x000000077187ffe0,0x0000000771880000)
  to   space 10240K, 0% used [0x0000000771880000,0x0000000771880000,0x0000000772280000)
 ParOldGen       total 171008K, used 191K [0x00000006c6e00000, 0x00000006d1500000, 0x000000076cf80000)
  object space 171008K, 0% used [0x00000006c6e00000,0x00000006c6e2fe80,0x00000006d1500000)
 Metaspace       used 20972K, capacity 21140K, committed 21248K, reserved 1069056K
  class space    used 2436K, capacity 2524K, committed 2560K, reserved 1048576K
Event: 2,690 GC heap after
Heap after GC invocations=2 (full 0):
 PSYoungGen      total 74752K, used 6174K [0x000000076cf80000, 0x0000000772280000, 0x00000007c0000000)
  eden space 64512K, 0% used [0x000000076cf80000,0x000000076cf80000,0x0000000770e80000)
  from space 10240K, 60% used [0x0000000771880000,0x0000000771e87b60,0x0000000772280000)
  to   space 10240K, 0% used [0x0000000770e80000,0x0000000770e80000,0x0000000771880000)
 ParOldGen       total 171008K, used 199K [0x00000006c6e00000, 0x00000006d1500000, 0x000000076cf80000)
  object space 171008K, 0% used [0x00000006c6e00000,0x00000006c6e31e80,0x00000006d1500000)
 Metaspace       used 20972K, capacity 21140K, committed 21248K, reserved 1069056K
  class space    used 2436K, capacity 2524K, committed 2560K, reserved 1048576K
}
Event: 2,690 GC heap before
{Heap before GC invocations=3 (full 1):
 PSYoungGen      total 74752K, used 6174K [0x000000076cf80000, 0x0000000772280000, 0x00000007c0000000)
  eden space 64512K, 0% used [0x000000076cf80000,0x000000076cf80000,0x0000000770e80000)
  from space 10240K, 60% used [0x0000000771880000,0x0000000771e87b60,0x0000000772280000)
  to   space 10240K, 0% used [0x0000000770e80000,0x0000000770e80000,0x0000000771880000)
 ParOldGen       total 171008K, used 199K [0x00000006c6e00000, 0x00000006d1500000, 0x000000076cf80000)
  object space 171008K, 0% used [0x00000006c6e00000,0x00000006c6e31e80,0x00000006d1500000)
 Metaspace       used 20972K, capacity 21140K, committed 21248K, reserved 1069056K
  class space    used 2436K, capacity 2524K, committed 2560K, reserved 1048576K
Event: 2,716 GC heap after
Heap after GC invocations=3 (full 1):
 PSYoungGen      total 74752K, used 0K [0x000000076cf80000, 0x0000000772280000, 0x00000007c0000000)
  eden space 64512K, 0% used [0x000000076cf80000,0x000000076cf80000,0x0000000770e80000)
  from space 10240K, 0% used [0x0000000771880000,0x0000000771880000,0x0000000772280000)
  to   space 10240K, 0% used [0x0000000770e80000,0x0000000770e80000,0x0000000771880000)
 ParOldGen       total 110080K, used 6014K [0x00000006c6e00000, 0x00000006cd980000, 0x000000076cf80000)
  object space 110080K, 5% used [0x00000006c6e00000,0x00000006c73df920,0x00000006cd980000)
 Metaspace       used 20972K, capacity 21140K, committed 21248K, reserved 1069056K
  class space    used 2436K, capacity 2524K, committed 2560K, reserved 1048576K
}
Event: 2,994 GC heap before
{Heap before GC invocations=4 (full 1):
 PSYoungGen      total 74752K, used 64512K [0x000000076cf80000, 0x0000000772280000, 0x00000007c0000000)
  eden space 64512K, 100% used [0x000000076cf80000,0x0000000770e80000,0x0000000770e80000)
  from space 10240K, 0% used [0x0000000771880000,0x0000000771880000,0x0000000772280000)
  to   space 10240K, 0% used [0x0000000770e80000,0x0000000770e80000,0x0000000771880000)
 ParOldGen       total 110080K, used 6014K [0x00000006c6e00000, 0x00000006cd980000, 0x000000076cf80000)
  object space 110080K, 5% used [0x00000006c6e00000,0x00000006c73df920,0x00000006cd980000)
 Metaspace       used 21854K, capacity 22162K, committed 22400K, reserved 1069056K
  class space    used 2521K, capacity 2633K, committed 2688K, reserved 1048576K
Event: 2,996 GC heap after
Heap after GC invocations=4 (full 1):
 PSYoungGen      total 74752K, used 608K [0x000000076cf80000, 0x0000000773b00000, 0x00000007c0000000)
  eden space 64512K, 0% used [0x000000076cf80000,0x000000076cf80000,0x0000000770e80000)
  from space 10240K, 5% used [0x0000000770e80000,0x0000000770f18000,0x0000000771880000)
  to   space 10240K, 0% used [0x0000000773100000,0x0000000773100000,0x0000000773b00000)
 ParOldGen       total 110080K, used 6022K [0x00000006c6e00000, 0x00000006cd980000, 0x000000076cf80000)
  object space 110080K, 5% used [0x00000006c6e00000,0x00000006c73e1920,0x00000006cd980000)
 Metaspace       used 21854K, capacity 22162K, committed 22400K, reserved 1069056K
  class space    used 2521K, capacity 2633K, committed 2688K, reserved 1048576K
}
Event: 3,115 GC heap before
{Heap before GC invocations=5 (full 1):
 PSYoungGen      total 74752K, used 65120K [0x000000076cf80000, 0x0000000773b00000, 0x00000007c0000000)
  eden space 64512K, 100% used [0x000000076cf80000,0x0000000770e80000,0x0000000770e80000)
  from space 10240K, 5% used [0x0000000770e80000,0x0000000770f18000,0x0000000771880000)
  to   space 10240K, 0% used [0x0000000773100000,0x0000000773100000,0x0000000773b00000)
 ParOldGen       total 110080K, used 6022K [0x00000006c6e00000, 0x00000006cd980000, 0x000000076cf80000)
  object space 110080K, 5% used [0x00000006c6e00000,0x00000006c73e1920,0x00000006cd980000)
 Metaspace       used 21865K, capacity 22162K, committed 22400K, reserved 1069056K
  class space    used 2521K, capacity 2633K, committed 2688K, reserved 1048576K
Event: 3,116 GC heap after
Heap after GC invocations=5 (full 1):
 PSYoungGen      total 99840K, used 192K [0x000000076cf80000, 0x0000000773e00000, 0x00000007c0000000)
  eden space 89600K, 0% used [0x000000076cf80000,0x000000076cf80000,0x0000000772700000)
  from space 10240K, 1% used [0x0000000773100000,0x0000000773130000,0x0000000773b00000)
  to   space 10240K, 0% used [0x0000000772700000,0x0000000772700000,0x0000000773100000)
 ParOldGen       total 110080K, used 6030K [0x00000006c6e00000, 0x00000006cd980000, 0x000000076cf80000)
  object space 110080K, 5% used [0x00000006c6e00000,0x00000006c73e3920,0x00000006cd980000)
 Metaspace       used 21865K, capacity 22162K, committed 22400K, reserved 1069056K
  class space    used 2521K, capacity 2633K, committed 2688K, reserved 1048576K
}

